app/manifest-merger-release-report.txt
-- Merging decision tree log ---
manifest
ADDED from AndroidManifest.xml:2:1
	xmlns:android
		ADDED from AndroidManifest.xml:2:11
	package
		ADDED from AndroidManifest.xml:3:11
		INJECTED from AndroidManifest.xml:0:0
		INJECTED from AndroidManifest.xml:0:0
	android:versionName
		INJECTED from AndroidManifest.xml:0:0
		INJECTED from AndroidManifest.xml:0:0
	android:versionCode
		INJECTED from AndroidManifest.xml:0:0
		INJECTED from AndroidManifest.xml:0:0
application
ADDED from AndroidManifest.xml:5:3
MERGED from com.android.support:appcompat-v7:21.0.3:16:5
MERGED from com.android.support:support-v4:21.0.3:16:5
	android:label
		ADDED from AndroidManifest.xml:7:16
	android:allowBackup
		ADDED from AndroidManifest.xml:5:16
	android:icon
		ADDED from AndroidManifest.xml:6:16
	android:theme
		ADDED from AndroidManifest.xml:8:16
activity#io.github.omgimanerd.shockwave.MenuActivity
ADDED from AndroidManifest.xml:9:5
	android:screenOrientation
		ADDED from AndroidManifest.xml:11:15
	android:label
		ADDED from AndroidManifest.xml:10:15
	android:name
		ADDED from AndroidManifest.xml:9:15
intent-filter#android.intent.action.MAIN+android.intent.category.LAUNCHER
ADDED from AndroidManifest.xml:12:7
action#android.intent.action.MAIN
ADDED from AndroidManifest.xml:13:9
	android:name
		ADDED from AndroidManifest.xml:13:17
category#android.intent.category.LAUNCHER
ADDED from AndroidManifest.xml:14:9
	android:name
		ADDED from AndroidManifest.xml:14:19
activity#io.github.omgimanerd.shockwave.GameActivity
ADDED from AndroidManifest.xml:17:5
	android:screenOrientation
		ADDED from AndroidManifest.xml:18:15
	android:name
		ADDED from AndroidManifest.xml:17:15
activity#io.github.omgimanerd.shockwave.HowToPlayActivity
ADDED from AndroidManifest.xml:20:5
	android:screenOrientation
		ADDED from AndroidManifest.xml:21:15
	android:name
		ADDED from AndroidManifest.xml:20:15
uses-sdk
INJECTED from AndroidManifest.xml:0:0 reason: use-sdk injection requested
MERGED from com.android.support:appcompat-v7:21.0.3:15:5
MERGED from com.android.support:support-v4:21.0.3:15:5
	android:targetSdkVersion
		INJECTED from AndroidManifest.xml:0:0
		INJECTED from AndroidManifest.xml:0:0
	android:minSdkVersion
		INJECTED from AndroidManifest.xml:0:0
		INJECTED from AndroidManifest.xml:0:0